PROF NODALL 0 a.out 1317840526 0
h node02 26730 0 1
I 6 AuthenticAMD istanbul-64 linux86-64 12 48 2300
t 1 1
p 0
f spm.c
r main 75 59 1 0.0228262 0.0228262 0 0
l 59 0 1 4.15043e-05 4.15043e-05 66 0
l 71 0 1 0.000147199 0.000147199 2 0
l 87 0 100 2.31634e-05 2.31634e-05 31 0
l 88 0 2500 0.000882537 0.000882537 44 0
l 98 0 1 0.00133866 0.00133866 47 0
l 104 0 10000 0.00415802 0.00415802 7 0
l 106 0 1 0.000998345 0.000998345 16 0
l 117 0 1 0.00147926 0.00147926 34 0
l 118 0 10000 0.00143288 0.00143288 39 0
l 119 0 10000 0.00142402 0.00142402 42 0
l 120 0 10100 0.0013456 0.0013456 45 0
l 121 0 10100 0.00882787 0.00882787 48 0
l 127 0 1 0.000727147 0.000727147 51 0
z
